=== Smart Login v2 - Multi-Endpoint: 2026-03-11T09:35:31.572661 ===
[2026-03-11 09:35:31] [INFO] ======================================================================
[2026-03-11 09:35:31] [INFO] PHASE 1: Finding ALL login URLs
[2026-03-11 09:35:31] [INFO] ======================================================================
[2026-03-11 09:35:33] [INFO] Opening: https://preview.owasp-juice.shop
[2026-03-11 09:35:45] [INFO]   [DEBUG] Found 35 clickable elements to scan for login
[2026-03-11 09:35:45] [INFO]     [ELEMENT 3] visible=False, href="#/login", id="", aria-label="Go to login page", text="exit_to_app  Login"
[2026-03-11 09:35:45] [WARN]     ⚠ MATCH href (NOT visible): #/login - sẽ thử click với force=True
[2026-03-11 09:35:46] [INFO]   [DEBUG] Regex found 1 login elements (visible=0, not_visible=1)
[2026-03-11 09:35:46] [INFO]   [*] Processing element: href=#/login (visible=False)
[2026-03-11 09:35:46] [INFO]     → Navigating to: https://preview.owasp-juice.shop#/login
[2026-03-11 09:35:54] [INFO]   ✓ Found login URL via regex: https://preview.owasp-juice.shop/#/login (href=#/login)
[2026-03-11 09:35:54] [INFO]   [+] Found register endpoint from login page: https://preview.owasp-juice.shop#/register
[2026-03-11 09:36:15] [INFO] 
✓ Found 1 login URL(s):
[2026-03-11 09:36:15] [INFO]   - https://preview.owasp-juice.shop/#/login
[2026-03-11 09:36:15] [INFO] 
======================================================================
[2026-03-11 09:36:15] [INFO] PHASE 2: Intercepting ALL API endpoints
[2026-03-11 09:36:15] [INFO] ======================================================================
[2026-03-11 09:36:21] [INFO]   [*] Attempting to close any blocking modals...
[2026-03-11 09:36:21] [INFO]   [WATCHDOG] Closing modal via CSS: [aria-label*='close' i], [aria-label*='d
[2026-03-11 09:36:25] [INFO] 
✓ Intercepted 1 endpoint(s):
[2026-03-11 09:36:25] [INFO]   - POST https://preview.owasp-juice.shop/rest/user/login
[2026-03-11 09:36:25] [INFO]     Keys: email, password
[2026-03-11 09:36:25] [INFO] 
======================================================================
[2026-03-11 09:36:25] [INFO] PHASE 3: Brute-force on ALL endpoints
[2026-03-11 09:36:25] [INFO] ======================================================================
[2026-03-11 09:36:25] [INFO] [*] Brute-forcing 2 email(s) × 7 password(s) × 1 endpoint(s)
[2026-03-11 09:36:25] [INFO] [*] Total attempts: 14
[2026-03-11 09:36:25] [INFO] 
[*] Testing vanluongle04@gmail.com on: https://preview.owasp-juice.shop/rest/user/login
[2026-03-11 09:36:30] [WARN] 
[✗] vanluongle04@gmail.com failed on all endpoints
[2026-03-11 09:36:30] [INFO] 
[*] Testing test@test.com on: https://preview.owasp-juice.shop/rest/user/login
[2026-03-11 09:36:35] [WARN] 
[✗] test@test.com failed on all endpoints
[2026-03-11 09:36:35] [INFO] 
======================================================================
[2026-03-11 09:36:35] [WARN] ✗ BRUTE-FORCE FAILED: No credentials found
[2026-03-11 09:36:35] [INFO] ======================================================================
[2026-03-11 09:36:35] [INFO] 
======================================================================
[2026-03-11 09:36:35] [INFO] BRUTE-FORCE FAILED → AUTO FALLBACK TO REGISTRATION
[2026-03-11 09:36:35] [INFO] ======================================================================
[2026-03-11 09:36:35] [INFO] Running: /usr/bin/python3 /home/pikachu/Downloads/ADAPT/scripts/smart_register.py -u https://preview.owasp-juice.shop/#/ --visible --register-url https://preview.owasp-juice.shop#/register --login-url https://preview.owasp-juice.shop/#/login
[2026-03-11 09:37:05] [INFO] 
[+] Registration successful!
[2026-03-11 09:37:05] [INFO] [+] Session saved to: session_cookies.json
[2026-03-11 09:37:05] [INFO] 
[*] Next step - Run deep_crawl:
[2026-03-11 09:37:05] [INFO]     ./deep_crawl_v3.sh https://preview.owasp-juice.shop/#/ session_cookies.json
