=== Smart Login v2 - Multi-Endpoint: 2026-03-23T23:02:26.561902 ===
[2026-03-23 23:02:26] [INFO] ======================================================================
[2026-03-23 23:02:26] [INFO] PHASE 1: Finding ALL login URLs
[2026-03-23 23:02:26] [INFO] ======================================================================
[2026-03-23 23:02:28] [INFO] Opening: https://preview.owasp-juice.shop
[2026-03-23 23:02:44] [INFO]   [DEBUG] Found 51 clickable elements to scan for login
[2026-03-23 23:02:44] [INFO]     [ELEMENT 3] visible=False, href="#/login", id="", aria-label="Go to login page", text="exit_to_app  Login"
[2026-03-23 23:02:44] [WARN]     ⚠ MATCH href (NOT visible): #/login - sẽ thử click với force=True
[2026-03-23 23:02:47] [INFO]   [DEBUG] Regex found 1 login elements (visible=0, not_visible=1)
[2026-03-23 23:02:47] [INFO]   [*] Processing element: href=#/login (visible=False)
[2026-03-23 23:02:47] [INFO]     → Navigating to: https://preview.owasp-juice.shop#/login
[2026-03-23 23:02:55] [INFO]   ✓ Found login URL via regex: https://preview.owasp-juice.shop/#/login (href=#/login)
[2026-03-23 23:02:56] [INFO]   [+] Found register endpoint from login page: https://preview.owasp-juice.shop#/register
[2026-03-23 23:03:18] [INFO] 
✓ Found 1 login URL(s):
[2026-03-23 23:03:18] [INFO]   - https://preview.owasp-juice.shop/#/login
[2026-03-23 23:03:18] [INFO] 
======================================================================
[2026-03-23 23:03:18] [INFO] PHASE 2: Intercepting ALL API endpoints
[2026-03-23 23:03:18] [INFO] ======================================================================
[2026-03-23 23:03:25] [INFO]   [*] Attempting to close any blocking modals...
[2026-03-23 23:03:26] [INFO]   [WATCHDOG] Closing modal via CSS: [aria-label*='close' i], [aria-label*='d
[2026-03-23 23:03:28] [INFO]   [WATCHDOG] Closing modal via JavaScript
[2026-03-23 23:03:34] [WARN]   [WATCHDOG] Operation timed out after 5s, trying to close modal...
[2026-03-23 23:03:35] [INFO]   [WATCHDOG] Closing modal via CSS: [aria-label*='close' i], [aria-label*='d
[2026-03-23 23:03:38] [INFO] 
✓ Intercepted 1 endpoint(s):
[2026-03-23 23:03:38] [INFO]   - POST https://preview.owasp-juice.shop/rest/user/login
[2026-03-23 23:03:38] [INFO]     Keys: email, password
[2026-03-23 23:03:38] [INFO] 
======================================================================
[2026-03-23 23:03:38] [INFO] PHASE 3: Brute-force on ALL endpoints
[2026-03-23 23:03:38] [INFO] ======================================================================
[2026-03-23 23:03:38] [INFO] [*] Brute-forcing 3 email(s) × 8 password(s) × 1 endpoint(s)
[2026-03-23 23:03:38] [INFO] [*] Total attempts: 24
[2026-03-23 23:03:38] [INFO] 
[*] Testing vanluongle04@gmail.com on: https://preview.owasp-juice.shop/rest/user/login
[2026-03-23 23:03:41] [WARN] 
[✗] vanluongle04@gmail.com failed on all endpoints
[2026-03-23 23:03:41] [INFO] 
[*] Testing test@test.com on: https://preview.owasp-juice.shop/rest/user/login
[2026-03-23 23:03:43] [WARN] 
[✗] test@test.com failed on all endpoints
[2026-03-23 23:03:43] [INFO] 
[*] Testing edwardsdennis_761@gmail.com on: https://preview.owasp-juice.shop/rest/user/login
[2026-03-23 23:03:46] [WARN] 
[✗] edwardsdennis_761@gmail.com failed on all endpoints
[2026-03-23 23:03:46] [INFO] 
======================================================================
[2026-03-23 23:03:46] [WARN] ✗ BRUTE-FORCE FAILED: No credentials found
[2026-03-23 23:03:46] [INFO] ======================================================================
[2026-03-23 23:03:46] [INFO] 
======================================================================
[2026-03-23 23:03:46] [INFO] BRUTE-FORCE FAILED → AUTO FALLBACK TO REGISTRATION
[2026-03-23 23:03:46] [INFO] ======================================================================
[2026-03-23 23:03:46] [INFO] Running: /usr/bin/python3 /home/pikachu/Downloads/ADAPT/scripts/smart_register.py -u https://preview.owasp-juice.shop/ --visible --register-url https://preview.owasp-juice.shop#/register --login-url https://preview.owasp-juice.shop/#/login
[2026-03-23 23:04:17] [INFO] 
[+] Registration successful!
[2026-03-23 23:04:17] [INFO] [+] Session saved to: session_cookies.json
[2026-03-23 23:04:17] [INFO] 
[*] Next step - Run deep_crawl:
[2026-03-23 23:04:17] [INFO]     ./deep_crawl_v3.sh https://preview.owasp-juice.shop/ session_cookies.json
